<?xml version="1.0" encoding="UTF-8"?>
<!-- Generated by org.testng.reporters.JUnitXMLReporter -->
<testsuite ignored="0" hostname="LAPTOP-R5TA8NN3" failures="0" tests="4" name="Test" time="0.025" errors="0" timestamp="2021-08-26T17:09:57 CEST">
  <testcase classname="MainProject.MavenJ.RestAPITest" name="deletTwitter" time="0.002"/>
  <testcase classname="MainProject.MavenJ.RestAPITest" name="postJira" time="0.0"/>
  <testcase classname="MainProject.MavenJ.SeleniumTest" name="BrowserAutomation" time="0.0"/>
  <testcase classname="MainProject.MavenJ.SeleniumTest" name="elementsUi" time="0.0"/>
</testsuite> <!-- Test -->
