<?xml version="1.0" encoding="UTF-8"?>
<testng-results ignored="0" total="4" passed="4" failed="0" skipped="0">
  <reporter-output>
  </reporter-output>
  <suite started-at="2021-08-26T17:09:57 CEST" name="Suite" finished-at="2021-08-26T17:09:57 CEST" duration-ms="25">
    <groups>
    </groups>
    <test started-at="2021-08-26T17:09:57 CEST" name="Test" finished-at="2021-08-26T17:09:57 CEST" duration-ms="25">
      <class name="MainProject.MavenJ.SeleniumTest">
        <test-method signature="elementsUi()[pri:0, instance:MainProject.MavenJ.SeleniumTest@433d61fb]" started-at="2021-08-26T17:09:57 CEST" name="elementsUi" finished-at="2021-08-26T17:09:57 CEST" duration-ms="0" status="PASS">
          <reporter-output>
          </reporter-output>
        </test-method> <!-- elementsUi -->
        <test-method signature="BrowserAutomation()[pri:0, instance:MainProject.MavenJ.SeleniumTest@433d61fb]" started-at="2021-08-26T17:09:57 CEST" name="BrowserAutomation" finished-at="2021-08-26T17:09:57 CEST" duration-ms="0" status="PASS">
          <reporter-output>
          </reporter-output>
        </test-method> <!-- BrowserAutomation -->
      </class> <!-- MainProject.MavenJ.SeleniumTest -->
      <class name="MainProject.MavenJ.RestAPITest">
        <test-method signature="deletTwitter()[pri:0, instance:MainProject.MavenJ.RestAPITest@1e802ef9]" started-at="2021-08-26T17:09:57 CEST" name="deletTwitter" finished-at="2021-08-26T17:09:57 CEST" duration-ms="2" status="PASS">
          <reporter-output>
          </reporter-output>
        </test-method> <!-- deletTwitter -->
        <test-method signature="postJira()[pri:0, instance:MainProject.MavenJ.RestAPITest@1e802ef9]" started-at="2021-08-26T17:09:57 CEST" name="postJira" finished-at="2021-08-26T17:09:57 CEST" duration-ms="0" status="PASS">
          <reporter-output>
          </reporter-output>
        </test-method> <!-- postJira -->
      </class> <!-- MainProject.MavenJ.RestAPITest -->
    </test> <!-- Test -->
  </suite> <!-- Suite -->
</testng-results>
