<?xml version="1.0" encoding="UTF-8"?>
<testng-results ignored="0" total="2" passed="2" failed="0" skipped="0">
  <reporter-output>
  </reporter-output>
  <suite started-at="2022-02-14T12:48:05 CET" name="Default suite" finished-at="2022-02-14T12:48:05 CET" duration-ms="48">
    <groups>
    </groups>
    <test started-at="2022-02-14T12:48:05 CET" name="Default test" finished-at="2022-02-14T12:48:05 CET" duration-ms="48">
      <class name="MainProject.MavenJ.AppiumTest">
        <test-method signature="IOSApps()[pri:0, instance:MainProject.MavenJ.AppiumTest@7c711375]" started-at="2022-02-14T12:48:05 CET" name="IOSApps" finished-at="2022-02-14T12:48:05 CET" duration-ms="8" status="PASS">
          <reporter-output>
          </reporter-output>
        </test-method> <!-- IOSApps -->
        <test-method signature="NativeAppAndroid()[pri:0, instance:MainProject.MavenJ.AppiumTest@7c711375]" started-at="2022-02-14T12:48:05 CET" name="NativeAppAndroid" finished-at="2022-02-14T12:48:05 CET" duration-ms="1" status="PASS">
          <reporter-output>
          </reporter-output>
        </test-method> <!-- NativeAppAndroid -->
      </class> <!-- MainProject.MavenJ.AppiumTest -->
    </test> <!-- Default test -->
  </suite> <!-- Default suite -->
</testng-results>
